0 info it worked if it ends with ok
1 verbose cli [ '/usr/local/Cellar/node/7.2.1/bin/node',
1 verbose cli   '/usr/local/bin/npm',
1 verbose cli   'start' ]
2 info using npm@3.10.9
3 info using node@v7.2.1
4 verbose run-script [ 'prestart', 'start', 'poststart' ]
5 info lifecycle edTrack@1.0.0~prestart: edTrack@1.0.0
6 silly lifecycle edTrack@1.0.0~prestart: no script for prestart, continuing
7 info lifecycle edTrack@1.0.0~start: edTrack@1.0.0
8 verbose lifecycle edTrack@1.0.0~start: unsafe-perm in lifecycle true
9 verbose lifecycle edTrack@1.0.0~start: PATH: /usr/local/lib/node_modules/npm/bin/node-gyp-bin:/Users/Jung/Desktop/EdTrack/node_modules/.bin:/usr/local/Cellar/node/7.2.1/bin:/usr/local/bin:/usr/bin:/bin:/usr/sbin:/sbin:/Library/Frameworks/Mono.framework/Versions/Current/Commands
10 verbose lifecycle edTrack@1.0.0~start: CWD: /Users/Jung/Desktop/EdTrack
11 silly lifecycle edTrack@1.0.0~start: Args: [ '-c',
11 silly lifecycle   'npm-run-all --parallel test:watch open:src lint:watch' ]
12 silly lifecycle edTrack@1.0.0~start: Returned: code: 1  signal: null
13 info lifecycle edTrack@1.0.0~start: Failed to exec start script
14 verbose stack Error: edTrack@1.0.0 start: `npm-run-all --parallel test:watch open:src lint:watch`
14 verbose stack Exit status 1
14 verbose stack     at EventEmitter.<anonymous> (/usr/local/lib/node_modules/npm/lib/utils/lifecycle.js:255:16)
14 verbose stack     at emitTwo (events.js:106:13)
14 verbose stack     at EventEmitter.emit (events.js:191:7)
14 verbose stack     at ChildProcess.<anonymous> (/usr/local/lib/node_modules/npm/lib/utils/spawn.js:40:14)
14 verbose stack     at emitTwo (events.js:106:13)
14 verbose stack     at ChildProcess.emit (events.js:191:7)
14 verbose stack     at maybeClose (internal/child_process.js:885:16)
14 verbose stack     at Process.ChildProcess._handle.onexit (internal/child_process.js:226:5)
15 verbose pkgid edTrack@1.0.0
16 verbose cwd /Users/Jung/Desktop/EdTrack
17 error Darwin 14.5.0
18 error argv "/usr/local/Cellar/node/7.2.1/bin/node" "/usr/local/bin/npm" "start"
19 error node v7.2.1
20 error npm  v3.10.9
21 error code ELIFECYCLE
22 error edTrack@1.0.0 start: `npm-run-all --parallel test:watch open:src lint:watch`
22 error Exit status 1
23 error Failed at the edTrack@1.0.0 start script 'npm-run-all --parallel test:watch open:src lint:watch'.
23 error Make sure you have the latest version of node.js and npm installed.
23 error If you do, this is most likely a problem with the edTrack package,
23 error not with npm itself.
23 error Tell the author that this fails on your system:
23 error     npm-run-all --parallel test:watch open:src lint:watch
23 error You can get information on how to open an issue for this project with:
23 error     npm bugs edTrack
23 error Or if that isn't available, you can get their info via:
23 error     npm owner ls edTrack
23 error There is likely additional logging output above.
24 verbose exit [ 1, true ]
